# JRE version: OpenJDK Runtime Environment Temurin-17.0.11+9 (17.0.11+9) (build 17.0.11+9)
# Java VM: OpenJDK 64-Bit Server VM Temurin-17.0.11+9 (17.0.11+9, mixed mode, tiered, compressed oops, compressed class ptrs, parallel gc, windows-amd64)
GC Precious Log:
 CPUs: 8 total, 8 available
 Memory: 5989M
 Large Page Support: Disabled
 NUMA Support: Disabled
 Compressed Oops: Enabled (32-bit)
 Alignments: Space 512K, Generation 512K, Heap 2M
 Heap Min Capacity: 100M
 Heap Initial Capacity: 100M
 Heap Max Capacity: 1G
 Pre-touch: Disabled
 Parallel Workers: 8
Heap:
 PSYoungGen      total 5632K, used 4817K [0x00000000eab00000, 0x00000000eb100000, 0x0000000100000000)
  eden space 4608K, 100% used [0x00000000eab00000,0x00000000eaf80000,0x00000000eaf80000)
  from space 1024K, 20% used [0x00000000eaf80000,0x00000000eafb47f8,0x00000000eb080000)
  to   space 512K, 0% used [0x00000000eb080000,0x00000000eb080000,0x00000000eb100000)
 ParOldGen       total 289792K, used 283332K [0x00000000c0000000, 0x00000000d1b00000, 0x00000000eab00000)
  object space 289792K, 97% used [0x00000000c0000000,0x00000000d14b1338,0x00000000d1b00000)
 Metaspace       used 74521K, committed 75968K, reserved 1179648K
  class space    used 8090K, committed 8704K, reserved 1048576K
GC Heap History (20 events):
Event: 95.421 GC heap before
{Heap before GC invocations=338 (full 13):
 PSYoungGen      total 6144K, used 6135K [0x00000000eab00000, 0x00000000eb400000, 0x0000000100000000)
  eden space 4608K, 99% used [0x00000000eab00000,0x00000000eaf7faf0,0x00000000eaf80000)
  from space 1536K, 99% used [0x00000000eb180000,0x00000000eb2fe2b8,0x00000000eb300000)
  to   space 2048K, 0% used [0x00000000eaf80000,0x00000000eaf80000,0x00000000eb180000)
 ParOldGen       total 289792K, used 281476K [0x00000000c0000000, 0x00000000d1b00000, 0x00000000eab00000)
  object space 289792K, 97% used [0x00000000c0000000,0x00000000d12e1138,0x00000000d1b00000)
 Metaspace       used 71808K, committed 73216K, reserved 1114112K
  class space    used 7816K, committed 8448K, reserved 1048576K
}
Event: 95.423 GC heap after
{Heap after GC invocations=338 (full 13):
 PSYoungGen      total 6656K, used 1673K [0x00000000eab00000, 0x00000000eb380000, 0x0000000100000000)
  eden space 4608K, 0% used [0x00000000eab00000,0x00000000eab00000,0x00000000eaf80000)
  from space 2048K, 81% used [0x00000000eaf80000,0x00000000eb122770,0x00000000eb180000)
  to   space 2048K, 0% used [0x00000000eb180000,0x00000000eb180000,0x00000000eb380000)
 ParOldGen       total 289792K, used 281604K [0x00000000c0000000, 0x00000000d1b00000, 0x00000000eab00000)
  object space 289792K, 97% used [0x00000000c0000000,0x00000000d1301138,0x00000000d1b00000)
 Metaspace       used 71808K, committed 73216K, reserved 1114112K
  class space    used 7816K, committed 8448K, reserved 1048576K
}
Event: 95.487 GC heap before
{Heap before GC invocations=339 (full 13):
 PSYoungGen      total 6656K, used 6281K [0x00000000eab00000, 0x00000000eb380000, 0x0000000100000000)
  eden space 4608K, 100% used [0x00000000eab00000,0x00000000eaf80000,0x00000000eaf80000)
  from space 2048K, 81% used [0x00000000eaf80000,0x00000000eb122770,0x00000000eb180000)
  to   space 2048K, 0% used [0x00000000eb180000,0x00000000eb180000,0x00000000eb380000)
 ParOldGen       total 289792K, used 281604K [0x00000000c0000000, 0x00000000d1b00000, 0x00000000eab00000)
  object space 289792K, 97% used [0x00000000c0000000,0x00000000d1301138,0x00000000d1b00000)
 Metaspace       used 71808K, committed 73216K, reserved 1114112K
  class space    used 7816K, committed 8448K, reserved 1048576K
}
Event: 95.489 GC heap after
{Heap after GC invocations=339 (full 13):
 PSYoungGen      total 6144K, used 1068K [0x00000000eab00000, 0x00000000eb300000, 0x0000000100000000)
  eden space 4608K, 0% used [0x00000000eab00000,0x00000000eab00000,0x00000000eaf80000)
  from space 1536K, 69% used [0x00000000eb180000,0x00000000eb28b248,0x00000000eb300000)
  to   space 1536K, 0% used [0x00000000eb000000,0x00000000eb000000,0x00000000eb180000)
 ParOldGen       total 289792K, used 282100K [0x00000000c0000000, 0x00000000d1b00000, 0x00000000eab00000)
  object space 289792K, 97% used [0x00000000c0000000,0x00000000d137d058,0x00000000d1b00000)
 Metaspace       used 71808K, committed 73216K, reserved 1114112K
  class space    used 7816K, committed 8448K, reserved 1048576K
}
Event: 95.501 GC heap before
{Heap before GC invocations=340 (full 13):
 PSYoungGen      total 6144K, used 5676K [0x00000000eab00000, 0x00000000eb300000, 0x0000000100000000)
  eden space 4608K, 100% used [0x00000000eab00000,0x00000000eaf80000,0x00000000eaf80000)
  from space 1536K, 69% used [0x00000000eb180000,0x00000000eb28b248,0x00000000eb300000)
  to   space 1536K, 0% used [0x00000000eb000000,0x00000000eb000000,0x00000000eb180000)
 ParOldGen       total 289792K, used 282100K [0x00000000c0000000, 0x00000000d1b00000, 0x00000000eab00000)
  object space 289792K, 97% used [0x00000000c0000000,0x00000000d137d058,0x00000000d1b00000)
 Metaspace       used 71810K, committed 73216K, reserved 1114112K
  class space    used 7816K, committed 8448K, reserved 1048576K
}
Event: 95.539 GC heap after
{Heap after GC invocations=340 (full 13):
 PSYoungGen      total 5632K, used 841K [0x00000000eab00000, 0x00000000eb200000, 0x0000000100000000)
  eden space 4608K, 0% used [0x00000000eab00000,0x00000000eab00000,0x00000000eaf80000)
  from space 1024K, 82% used [0x00000000eb000000,0x00000000eb0d2548,0x00000000eb100000)
  to   space 1024K, 0% used [0x00000000eb100000,0x00000000eb100000,0x00000000eb200000)
 ParOldGen       total 289792K, used 282148K [0x00000000c0000000, 0x00000000d1b00000, 0x00000000eab00000)
  object space 289792K, 97% used [0x00000000c0000000,0x00000000d1389058,0x00000000d1b00000)
 Metaspace       used 71810K, committed 73216K, reserved 1114112K
  class space    used 7816K, committed 8448K, reserved 1048576K
}
Event: 95.714 GC heap before
{Heap before GC invocations=341 (full 13):
 PSYoungGen      total 5632K, used 5449K [0x00000000eab00000, 0x00000000eb200000, 0x0000000100000000)
  eden space 4608K, 100% used [0x00000000eab00000,0x00000000eaf80000,0x00000000eaf80000)
  from space 1024K, 82% used [0x00000000eb000000,0x00000000eb0d2548,0x00000000eb100000)
  to   space 1024K, 0% used [0x00000000eb100000,0x00000000eb100000,0x00000000eb200000)
 ParOldGen       total 289792K, used 282148K [0x00000000c0000000, 0x00000000d1b00000, 0x00000000eab00000)
  object space 289792K, 97% used [0x00000000c0000000,0x00000000d1389058,0x00000000d1b00000)
 Metaspace       used 71811K, committed 73216K, reserved 1114112K
  class space    used 7816K, committed 8448K, reserved 1048576K
}
Event: 95.716 GC heap after
{Heap after GC invocations=341 (full 13):
 PSYoungGen      total 5632K, used 571K [0x00000000eab00000, 0x00000000eb200000, 0x0000000100000000)
  eden space 4608K, 0% used [0x00000000eab00000,0x00000000eab00000,0x00000000eaf80000)
  from space 1024K, 55% used [0x00000000eb100000,0x00000000eb18ecc0,0x00000000eb200000)
  to   space 1024K, 0% used [0x00000000eb000000,0x00000000eb000000,0x00000000eb100000)
 ParOldGen       total 289792K, used 282164K [0x00000000c0000000, 0x00000000d1b00000, 0x00000000eab00000)
  object space 289792K, 97% used [0x00000000c0000000,0x00000000d138d058,0x00000000d1b00000)
 Metaspace       used 71811K, committed 73216K, reserved 1114112K
  class space    used 7816K, committed 8448K, reserved 1048576K
}
Event: 95.724 GC heap before
{Heap before GC invocations=342 (full 13):
 PSYoungGen      total 5632K, used 5179K [0x00000000eab00000, 0x00000000eb200000, 0x0000000100000000)
  eden space 4608K, 100% used [0x00000000eab00000,0x00000000eaf80000,0x00000000eaf80000)
  from space 1024K, 55% used [0x00000000eb100000,0x00000000eb18ecc0,0x00000000eb200000)
  to   space 1024K, 0% used [0x00000000eb000000,0x00000000eb000000,0x00000000eb100000)
 ParOldGen       total 289792K, used 282164K [0x00000000c0000000, 0x00000000d1b00000, 0x00000000eab00000)
  object space 289792K, 97% used [0x00000000c0000000,0x00000000d138d058,0x00000000d1b00000)
 Metaspace       used 71812K, committed 73216K, reserved 1114112K
  class space    used 7816K, committed 8448K, reserved 1048576K
}
Event: 95.725 GC heap after
{Heap after GC invocations=342 (full 13):
 PSYoungGen      total 5632K, used 955K [0x00000000eab00000, 0x00000000eb280000, 0x0000000100000000)
  eden space 4608K, 0% used [0x00000000eab00000,0x00000000eab00000,0x00000000eaf80000)
  from space 1024K, 93% used [0x00000000eb000000,0x00000000eb0eeee0,0x00000000eb100000)
  to   space 1536K, 0% used [0x00000000eb100000,0x00000000eb100000,0x00000000eb280000)
 ParOldGen       total 289792K, used 282164K [0x00000000c0000000, 0x00000000d1b00000, 0x00000000eab00000)
  object space 289792K, 97% used [0x00000000c0000000,0x00000000d138d058,0x00000000d1b00000)
 Metaspace       used 71812K, committed 73216K, reserved 1114112K
  class space    used 7816K, committed 8448K, reserved 1048576K
}
Event: 96.200 GC heap before
{Heap before GC invocations=343 (full 13):
 PSYoungGen      total 5632K, used 5505K [0x00000000eab00000, 0x00000000eb280000, 0x0000000100000000)
  eden space 4608K, 98% used [0x00000000eab00000,0x00000000eaf71698,0x00000000eaf80000)
  from space 1024K, 93% used [0x00000000eb000000,0x00000000eb0eeee0,0x00000000eb100000)
  to   space 1536K, 0% used [0x00000000eb100000,0x00000000eb100000,0x00000000eb280000)
 ParOldGen       total 289792K, used 282164K [0x00000000c0000000, 0x00000000d1b00000, 0x00000000eab00000)
  object space 289792K, 97% used [0x00000000c0000000,0x00000000d138d058,0x00000000d1b00000)
 Metaspace       used 72233K, committed 73600K, reserved 1179648K
  class space    used 7834K, committed 8448K, reserved 1048576K
}
Event: 96.201 GC heap after
{Heap after GC invocations=343 (full 13):
 PSYoungGen      total 5120K, used 256K [0x00000000eab00000, 0x00000000eb180000, 0x0000000100000000)
  eden space 4608K, 0% used [0x00000000eab00000,0x00000000eab00000,0x00000000eaf80000)
  from space 512K, 50% used [0x00000000eb100000,0x00000000eb140000,0x00000000eb180000)
  to   space 1024K, 0% used [0x00000000eaf80000,0x00000000eaf80000,0x00000000eb080000)
 ParOldGen       total 289792K, used 282172K [0x00000000c0000000, 0x00000000d1b00000, 0x00000000eab00000)
  object space 289792K, 97% used [0x00000000c0000000,0x00000000d138f058,0x00000000d1b00000)
 Metaspace       used 72233K, committed 73600K, reserved 1179648K
  class space    used 7834K, committed 8448K, reserved 1048576K
}
Event: 97.015 GC heap before
{Heap before GC invocations=344 (full 13):
 PSYoungGen      total 5120K, used 4863K [0x00000000eab00000, 0x00000000eb180000, 0x0000000100000000)
  eden space 4608K, 99% used [0x00000000eab00000,0x00000000eaf7ffc0,0x00000000eaf80000)
  from space 512K, 50% used [0x00000000eb100000,0x00000000eb140000,0x00000000eb180000)
  to   space 1024K, 0% used [0x00000000eaf80000,0x00000000eaf80000,0x00000000eb080000)
 ParOldGen       total 289792K, used 282172K [0x00000000c0000000, 0x00000000d1b00000, 0x00000000eab00000)
  object space 289792K, 97% used [0x00000000c0000000,0x00000000d138f058,0x00000000d1b00000)
 Metaspace       used 72501K, committed 73920K, reserved 1179648K
  class space    used 7863K, committed 8512K, reserved 1048576K
}
Event: 97.017 GC heap after
{Heap after GC invocations=344 (full 13):
 PSYoungGen      total 5632K, used 288K [0x00000000eab00000, 0x00000000eb180000, 0x0000000100000000)
  eden space 4608K, 0% used [0x00000000eab00000,0x00000000eab00000,0x00000000eaf80000)
  from space 1024K, 28% used [0x00000000eaf80000,0x00000000eafc8000,0x00000000eb080000)
  to   space 512K, 0% used [0x00000000eb100000,0x00000000eb100000,0x00000000eb180000)
 ParOldGen       total 289792K, used 282172K [0x00000000c0000000, 0x00000000d1b00000, 0x00000000eab00000)
  object space 289792K, 97% used [0x00000000c0000000,0x00000000d138f058,0x00000000d1b00000)
 Metaspace       used 72501K, committed 73920K, reserved 1179648K
  class space    used 7863K, committed 8512K, reserved 1048576K
}
Event: 98.333 GC heap before
{Heap before GC invocations=345 (full 13):
 PSYoungGen      total 5632K, used 4883K [0x00000000eab00000, 0x00000000eb180000, 0x0000000100000000)
  eden space 4608K, 99% used [0x00000000eab00000,0x00000000eaf7cde0,0x00000000eaf80000)
  from space 1024K, 28% used [0x00000000eaf80000,0x00000000eafc8000,0x00000000eb080000)
  to   space 512K, 0% used [0x00000000eb100000,0x00000000eb100000,0x00000000eb180000)
 ParOldGen       total 289792K, used 282172K [0x00000000c0000000, 0x00000000d1b00000, 0x00000000eab00000)
  object space 289792K, 97% used [0x00000000c0000000,0x00000000d138f058,0x00000000d1b00000)
 Metaspace       used 73088K, committed 74432K, reserved 1179648K
  class space    used 7957K, committed 8576K, reserved 1048576K
}
Event: 98.334 GC heap after
{Heap after GC invocations=345 (full 13):
 PSYoungGen      total 5120K, used 383K [0x00000000eab00000, 0x00000000eb180000, 0x0000000100000000)
  eden space 4608K, 0% used [0x00000000eab00000,0x00000000eab00000,0x00000000eaf80000)
  from space 512K, 74% used [0x00000000eb100000,0x00000000eb15ff60,0x00000000eb180000)
  to   space 512K, 0% used [0x00000000eb080000,0x00000000eb080000,0x00000000eb100000)
 ParOldGen       total 289792K, used 282180K [0x00000000c0000000, 0x00000000d1b00000, 0x00000000eab00000)
  object space 289792K, 97% used [0x00000000c0000000,0x00000000d1391058,0x00000000d1b00000)
 Metaspace       used 73088K, committed 74432K, reserved 1179648K
  class space    used 7957K, committed 8576K, reserved 1048576K
}
Event: 99.388 GC heap before
{Heap before GC invocations=346 (full 13):
 PSYoungGen      total 5120K, used 4991K [0x00000000eab00000, 0x00000000eb180000, 0x0000000100000000)
  eden space 4608K, 99% used [0x00000000eab00000,0x00000000eaf7fff0,0x00000000eaf80000)
  from space 512K, 74% used [0x00000000eb100000,0x00000000eb15ff60,0x00000000eb180000)
  to   space 512K, 0% used [0x00000000eb080000,0x00000000eb080000,0x00000000eb100000)
 ParOldGen       total 289792K, used 282180K [0x00000000c0000000, 0x00000000d1b00000, 0x00000000eab00000)
  object space 289792K, 97% used [0x00000000c0000000,0x00000000d1391058,0x00000000d1b00000)
 Metaspace       used 73681K, committed 75072K, reserved 1179648K
  class space    used 8007K, committed 8640K, reserved 1048576K
}
Event: 99.423 GC heap after
{Heap after GC invocations=346 (full 13):
 PSYoungGen      total 5120K, used 512K [0x00000000eab00000, 0x00000000eb180000, 0x0000000100000000)
  eden space 4608K, 0% used [0x00000000eab00000,0x00000000eab00000,0x00000000eaf80000)
  from space 512K, 100% used [0x00000000eb080000,0x00000000eb100000,0x00000000eb100000)
  to   space 512K, 0% used [0x00000000eb100000,0x00000000eb100000,0x00000000eb180000)
 ParOldGen       total 289792K, used 282204K [0x00000000c0000000, 0x00000000d1b00000, 0x00000000eab00000)
  object space 289792K, 97% used [0x00000000c0000000,0x00000000d1397058,0x00000000d1b00000)
 Metaspace       used 73681K, committed 75072K, reserved 1179648K
  class space    used 8007K, committed 8640K, reserved 1048576K
}
Event: 100.316 GC heap before
{Heap before GC invocations=347 (full 13):
 PSYoungGen      total 5120K, used 5120K [0x00000000eab00000, 0x00000000eb180000, 0x0000000100000000)
  eden space 4608K, 100% used [0x00000000eab00000,0x00000000eaf80000,0x00000000eaf80000)
  from space 512K, 100% used [0x00000000eb080000,0x00000000eb100000,0x00000000eb100000)
  to   space 512K, 0% used [0x00000000eb100000,0x00000000eb100000,0x00000000eb180000)
 ParOldGen       total 289792K, used 282204K [0x00000000c0000000, 0x00000000d1b00000, 0x00000000eab00000)
  object space 289792K, 97% used [0x00000000c0000000,0x00000000d1397058,0x00000000d1b00000)
 Metaspace       used 73976K, committed 75392K, reserved 1179648K
  class space    used 8040K, committed 8640K, reserved 1048576K
}
Event: 100.318 GC heap after
{Heap after GC invocations=347 (full 13):
 PSYoungGen      total 5120K, used 512K [0x00000000eab00000, 0x00000000eb180000, 0x0000000100000000)
  eden space 4608K, 0% used [0x00000000eab00000,0x00000000eab00000,0x00000000eaf80000)
  from space 512K, 100% used [0x00000000eb100000,0x00000000eb180000,0x00000000eb180000)
  to   space 1024K, 0% used [0x00000000eaf80000,0x00000000eaf80000,0x00000000eb080000)
 ParOldGen       total 289792K, used 282428K [0x00000000c0000000, 0x00000000d1b00000, 0x00000000eab00000)
  object space 289792K, 97% used [0x00000000c0000000,0x00000000d13cf058,0x00000000d1b00000)
 Metaspace       used 73976K, committed 75392K, reserved 1179648K
  class space    used 8040K, committed 8640K, reserved 1048576K
}

